Compiling the C compiler identification source file "CMakeCCompilerId.c" failed.
Compiler: clang-cl 
Build flags: -Wall
Id flags: 

The output was:
No such file or directory


Compiling the C compiler identification source file "CMakeCCompilerId.c" failed.
Compiler: clang-cl 
Build flags: -Wall
Id flags: -c

The output was:
No such file or directory


Compiling the C compiler identification source file "CMakeCCompilerId.c" failed.
Compiler: clang-cl 
Build flags: -Wall
Id flags: -Aa

The output was:
No such file or directory


Checking whether the C compiler is IAR using "" did not match "IAR .+ Compiler":
Compiling the CXX compiler identification source file "CMakeCXXCompilerId.cpp" failed.
Compiler: clang-cl 
Build flags: -Wall;-Xclang;-std=gnu++14
Id flags: 

The output was:
No such file or directory


Compiling the CXX compiler identification source file "CMakeCXXCompilerId.cpp" failed.
Compiler: clang-cl 
Build flags: -Wall;-Xclang;-std=gnu++14
Id flags: -c

The output was:
No such file or directory


Checking whether the CXX compiler is IAR using "" did not match "IAR .+ Compiler":
